INFO:__main__:Starting translation...
INFO:__main__:Extracting context...
INFO:__main__:Context extracted: The text is a well-known English pangram, a sentence that contains every letter of the alphabet at least once. The overall context or main topic can be abstractly described as animal behaviour, as the sentence describes a scenario where a fast-moving brown fox is jumping over a slow, inactive dog.
INFO:__main__:Extracting key words...
INFO:__main__:Key words extracted: quick, brown fox, jumps, over, lazy dog.
INFO:__main__:Translating text...
INFO:__main__:Translation completed: "\u0397 \u03b3\u03c1\u03ae\u03b3\u03bf\u03c1\u03b7 \u03ba\u03b1\u03c6\u03ad \u03b1\u03bb\u03b5\u03c0\u03bf\u03cd \u03c0\u03b7\u03b4\u03ac\u03b5\u03b9 \u03c0\u03ac\u03bd\u03c9 \u03b1\u03c0\u03cc \u03c4\u03bf\u03bd \u03c4\u03b5\u03bc\u03c0\u03ad\u03bb\u03b7 \u03c3\u03ba\u03cd\u03bb\u03bf."
INFO:__main__:Starting translation...
INFO:__main__:Extracting context...
INFO:__main__:Context extracted: The context of this text is an illustrative sentence often used in typing practice and font displays, as it includes every letter of the English alphabet. This sentence doesn't provide a broader topic or meaningful content beyond this specific usage.
INFO:__main__:Extracting key words...
INFO:__main__:Key words extracted: quick, brown fox, jumps, over, lazy dog, translations, Greek, beautiful, sunny, day, beach.
INFO:__main__:Translating text...
INFO:__main__:Translation completed: "\u0397 \u03b3\u03c1\u03ae\u03b3\u03bf\u03c1\u03b7 \u03ba\u03b1\u03c6\u03ad \u03b1\u03bb\u03b5\u03c0\u03bf\u03cd \u03c0\u03b7\u03b4\u03ac\u03b5\u03b9 \u03c0\u03ac\u03bd\u03c9 \u03b1\u03c0\u03cc \u03c4\u03bf\u03bd \u03c4\u03b5\u03bc\u03c0\u03ad\u03bb\u03b7 \u03c3\u03ba\u03cd\u03bb\u03bf."
INFO:__main__:Starting translation...
INFO:__main__:Extracting context...
INFO:__main__:Context extracted: The context of the text is a commonly used English pangram, a phrase that uses every letter of the alphabet at least once. The main topic is describing a scene where a quick brown fox is jumping over a lazy dog.
INFO:__main__:Extracting key words...
INFO:__main__:Key words extracted: Key words: "quick (\u03b3\u03c1\u03ae\u03b3\u03bf\u03c1\u03b7), brown (\u03ba\u03b1\u03c6\u03ad), fox (\u03b1\u03bb\u03b5\u03c0\u03bf\u03cd), jumps (\u03c0\u03b7\u03b4\u03ac\u03b5\u03b9), over (\u03c0\u03ac\u03bd\u03c9 \u03b1\u03c0\u03cc), lazy (\u03c4\u03b5\u03bc\u03c0\u03ad\u03bb\u03b7\u03c2), dog (\u03c3\u03ba\u03cd\u03bb\u03bf\u03c2)."
INFO:__main__:Translating text...
INFO:__main__:Translation completed: "\u0397 \u03b3\u03c1\u03ae\u03b3\u03bf\u03c1\u03b7 \u03ba\u03b1\u03c6\u03ad \u03b1\u03bb\u03b5\u03c0\u03bf\u03cd \u03c0\u03b7\u03b4\u03ac\u03b5\u03b9 \u03c0\u03ac\u03bd\u03c9 \u03b1\u03c0\u03cc \u03c4\u03bf\u03bd \u03c4\u03b5\u03bc\u03c0\u03ad\u03bb\u03b7 \u03c3\u03ba\u03cd\u03bb\u03bf."
INFO:__main__:Starting translation...
INFO:__main__:Extracting context...
INFO:__main__:Context extracted: The above Greek text appears to be song lyrics. The song discusses various themes, including emotional turmoil, heartbreak, and attempts to cope with these feelings through drink. Furthermore, the lyrics incorporate elements such as frustration towards unresolved relationships, self-exploration, introspection, self-degradation, and the struggle to comprehend and accept one's nature. It also emphasizes the speaker's desire and longing for their departed lover. Disillusionment with life and the experiences it brings are also evident in the text. The text, lastly, uses colloquial language which, together with references to drinking and a loose lifestyle, suggests a specific cultural or lifestyle context.
INFO:__main__:Extracting key words...
INFO:__main__:Key words extracted: Key words: "\u039c\u03c0\u03b1\u03bd\u03b9\u03c3\u03c4\u03b9\u03c1\u03c4\u03b6\u03bf\u03cd (banistergi), \u03c6\u03cd\u03c3\u03b7 (nature), \u03c3\u03c4\u03b1\u03bd\u03b9\u03cc (stanio), \u03bc\u03b5\u03b8\u03cd\u03c3\u03b9 (drunkenness), \u03ba\u03b1\u03bb\u03b7\u03bc\u03ad\u03c1\u03b1 (good morning), \u03b1\u03bd\u03c4\u03b9\u03ba\u03c1\u03af\u03b6\u03c9 (face), \u03b1\u03b3\u03ba\u03b1\u03bb\u03b9\u03ac (hug), \u03ba\u03b1\u03b2\u03bb\u03b1\u03bd\u03c4\u03af\u03b6\u03c9 (drooling), \u03c0\u03c1\u03c9\u03c4\u03b1\u03b8\u03bb\u03b7\u03c4\u03ad\u03c2 (champions), \u03c1\u03b1\u03ba\u03ae (raki), \u03c4\u03bf\u03c5\u03c6\u03b5\u03ba\u03b9\u03ad\u03c2 (gunshots), \u03c0\u03af\u03bd\u03c9 (drink), \u03ba\u03bf\u03cd\u03c0\u03b5\u03c2 (cups), \u03ba\u03b1\u03c0\u03bd\u03cc\u03c2 (smoke), \u03c1\u03bf\u03cd\u03c6\u03b5\u03c2 (sucks), \u03bc\u03bf\u03cd\u03c6\u03b5\u03c2(moufes), \u03bd\u03c4\u03bf\u03c5\u03bd\u03c4\u03bf\u03cd\u03ba\u03b5\u03c2 (mallets), \u03bc\u03b1\u03be\u03b9\u03bb\u03ac\u03c1\u03b9 (pillow), \u03c3\u03c4\u03b9\u03b3\u03bc\u03ad\u03c2 (moments), \u03b1\u03c0\u03cc\u03c3\u03c4\u03b1\u03c3\u03b7 (distance), \u03c0\u03bd\u03af\u03b3\u03b5\u03b9 (drown), \u03b1\u03bb\u03ae\u03c4\u03b7 (tramp), \u03c7\u03bf\u03c1\u03af\u03c3\u03bf\u03c5\u03bc\u03b5 (break up), \u03c6\u03cd\u03c3\u03b7 (nature), \u03b1\u03c0\u03b1\u03c1\u03bd\u03b7\u03b8\u03b5\u03af\u03c2 (renounce), \u03bc\u03bf\u03cd\u03c4\u03c1\u03b1 (face), \u03c0\u03ac\u03c4\u03c9\u03bc\u03b1 (floor), \u03b6\u03c9\u03ae (life), \u03bb\u03ac\u03b8\u03b7 (mistakes), \u03bc\u03c0\u03b5\u03c1\u03bc\u03c0\u03ac\u03bd\u03c4\u03b9\u03c3\u03c3\u03b1 (berbantissa), \u03b3\u03c5\u03bd\u03b1\u03af\u03ba\u03b1 (woman), \u03bf\u03cd\u03b6\u03bf (ouzo), \u03b4\u03ad\u03ba\u03b1 (ten), \u03c4\u03c3\u03b9\u03ba\u03bf\u03c5\u03b4\u03b9\u03ac (tsikoudia), \u03c0\u03b1\u03b9\u03b4\u03b9\u03ac (children)."
INFO:__main__:Translating text...
INFO:__main__:Translation completed: "Your nature turned me into a banistergi
Banistergi with the pot
And blind from drunkenness
How can I say good morning to you
If I can't see you
If I don't have you in my arms
And drooling over you

The champions, with the raki
Give it, give it, I've gone crazy from the gunshots
Oof, bye bye
They took me off their shoulder and I said bye bye to them

It's morning and I'm drinking cups
I'm not satisfied by the smoke nor the pulls
I am yours and everything else is pseud
Pseud. Do you hear me? I say it with mallets
I wake up and give punches
Two on the pillow and remember what you told me
I said we've had enough moments
Now with the time, see, I'm still knocking
And all the "will" still gets in the way
We will say, we will talk at six
We will meet, I've played all the "will"
In my head, mind has no place
In my mind, why did you take it like this
I became a taximi that was left in the middle
I became a national project, unfinished
And I surely messed up my nest

You turned me into a banistergi
And the distance is drowning me
You tramp, you killed me
Somewhere it doesn't end

What good morning can I say to you
If I can't see you
If I don't have you in my arms
And drooling over you

The champions, with the raki
Give it, give it, I've gone crazy from the gunshots
Oof, bye bye
They took me off their shoulder and I said bye bye to them

For us to break up
You must first renounce your nature
And don't tell me that everything has broken down
Because I left everything okay
Why do I run up and down?
And you throw your face down to the floor
What's the deal? Tell me why
I, like everyone else, only live once
And don't call me braggart or rogue
And don't act like you're doing me a favor
Only those who don't get born don't make mistakes
But also those who remember
Don't blow me off and get a life
Life is to live what others renounce
Words are just words, dude
But the eyes will tell you more

You have me there as a banistergi
Berbantissa woman
I drink ouzo and raki
Four past ten

What good morning can I say to you
If I can't see you
If I don't have you in my arms
And drooling over you

The champions in the tsikoudia
Give it, give it, let's go, children, we've got gunshots
Oof, apapa
They took me off their shoulder and I said goodbye to them"
INFO:__main__:Starting transcription...
INFO:__main__:Starting transcription...
INFO:__main__:Transcription completed:  \u0393\u03b5\u03b9\u03b1 \u03c3\u03bf\u03c5 \u03b3\u03b5\u03b3\u03b9\u03ac, \u03c4\u03b9 \u03ba\u03ac\u03bd\u03b5\u03b9\u03c2? \u039a\u03b1\u03bb\u03ce\u03c2 \u03c4\u03bf\u03bd \u03c0\u03b1\u03bb\u03b9\u03ba\u03ac\u03c1\u03b9 \u03bc\u03bf\u03c5, \u03bc\u03cc\u03bb\u03b9\u03c2 \u03c4\u03ce\u03c1\u03b1 \u03ad\u03c6\u03c4\u03b9\u03b1\u03be\u03b1 \u03c4\u03bf \u03b1\u03b3\u03b1\u03c0\u03b7\u03bc\u03ad\u03bd\u03bf \u03c3\u03c4\u03bf \u03c6\u03b1\u03b3\u03b7\u03c4\u03cc, \u03c4\u03b1 \u03ba\u03bf\u03c5\u03c0\u03ad\u03c0\u03b9\u03b1. \u03a4\u03b9 \u03c4\u03c5\u03c7\u03b5\u03c1\u03cc\u03c2 \u03c0\u03bf\u03c5 \u03b5\u03af\u03bc\u03b1\u03b9, \u03c0\u03ce\u03c2 \u03b8\u03b1 \u03ba\u03ac\u03bd\u03b5\u03b9\u03c2 \u03b3\u03b5\u03b3\u03b9\u03ac? \u03a0\u03c1\u03ce\u03c4\u03b1 \u03b1\u03c0' \u03cc\u03bb\u03b1 \u03c7\u03c1\u03b5\u03b9\u03ac\u03b6\u03b5\u03c3\u03b1\u03bd \u03bc\u03c0\u03b5\u03bb\u03cc\u03c6\u03c5\u03bb\u03b1. \u038c\u03c4\u03b1\u03bd \u03ae\u03bc\u03bf\u03c5\u03bd \u03bc\u03b9\u03ba\u03c1\u03bf\u03af \u03b7 \u03bc\u03b7\u03c4\u03ad\u03c1\u03b1 \u03bc\u03bf\u03c5 \u03bc\u03ac\u03b6\u03b5\u03c5\u03b5 \u03c4\u03b1 \u03bc\u03c0\u03b5\u03bb\u03cc\u03c6\u03c5\u03bb\u03b1 \u03b1\u03c0\u03cc \u03c4\u03b7\u03bd \u03ba\u03bb\u03b5\u03b9\u03bc\u03b1\u03c4\u03b1\u03c1\u03b9\u03ac \u03bc\u03b1\u03c2. \u03a4\u03cc\u03c4\u03b5 \u03cc\u03bb\u03b1 \u03c4\u03b1 \u03c3\u03c0\u03af\u03c4\u03b9\u03b1 \u03b5\u03af\u03c7\u03b1\u03bd \u03ba\u03bb\u03b5\u03b9\u03bc\u03b1\u03c4\u03b1\u03c1\u03b9\u03ad\u03c2 \u03b5\u03bd\u03ce \u03c4\u03ce\u03c1\u03b1 \u03b3\u03c9\u03c1\u03ac\u03b6\u03bf\u03c5\u03bd \u03c4\u03b1 \u03c6\u03cd\u03bb\u03bb\u03b1 \u03b1\u03c0\u03cc \u03c4\u03b7\u03bd \u03b1\u03b3\u03bf\u03c1\u03ac. \u03a4\u03b1 \u03c0\u03b5\u03c1\u03b9\u03c3\u03c3\u03cc\u03c4\u03b5\u03c1\u03b1 \u03c5\u03bb\u03b9\u03ba\u03ac \u03c0\u03bf\u03c5 \u03c7\u03c1\u03b7\u03c3\u03b9\u03bc\u03bf\u03c0\u03bf\u03b9\u03bf\u03cd\u03c3\u03b1\u03bc\u03b5 \u03c0\u03b1\u03bb\u03b9\u03ac \u03c3\u03c4\u03bf \u03bc\u03b1\u03b3\u03b5\u03af\u03c1\u03b1\u03bc\u03b1
INFO:__main__:Proofreading transcription...
INFO:__main__:Proofread transcription: The corrected transcription is as follows:

"\u0393\u03b5\u03b9\u03b1 \u03c3\u03bf\u03c5 \u03b3\u03b5\u03b3\u03bf\u03bd\u03cc\u03c2, \u03c4\u03b9 \u03ba\u03ac\u03bd\u03b5\u03b9\u03c2; \u039a\u03b1\u03bb\u03ce\u03c2 \u03c4\u03bf\u03bd \u03c0\u03b1\u03bb\u03b9\u03ba\u03ac\u03c1\u03b9 \u03bc\u03bf\u03c5, \u03bc\u03cc\u03bb\u03b9\u03c2 \u03c4\u03ce\u03c1\u03b1 \u03ad\u03c6\u03c4\u03b9\u03b1\u03be\u03b1 \u03c4\u03bf \u03b1\u03b3\u03b1\u03c0\u03b7\u03bc\u03ad\u03bd\u03bf \u03c3\u03bf\u03c5 \u03c6\u03b1\u03b3\u03b7\u03c4\u03cc, \u03c4\u03b1 \u03ba\u03bf\u03c5\u03c0\u03ad\u03c0\u03b9\u03b1. \u03a4\u03b9 \u03c4\u03c5\u03c7\u03b5\u03c1\u03cc\u03c2 \u03c0\u03bf\u03c5 \u03b5\u03af\u03c3\u03b1\u03b9, \u03c0\u03ce\u03c2 \u03b8\u03b1 \u03c3\u03b5 \u03ba\u03ac\u03bd\u03c9 \u03b3\u03b5\u03bb\u03bf\u03af\u03bf? \u03a0\u03c1\u03ce\u03c4\u03b1 \u03b1\u03c0' \u03cc\u03bb\u03b1 \u03c7\u03c1\u03b5\u03b9\u03ac\u03b6\u03bf\u03bc\u03b1\u03b9 \u03bc\u03c0\u03bb\u03ad \u03c6\u03cd\u03bb\u03bb\u03b1. \u038c\u03c4\u03b1\u03bd \u03ae\u03bc\u03bf\u03c5\u03bd \u03bc\u03b9\u03ba\u03c1\u03cc\u03c2 \u03b7 \u03bc\u03b7\u03c4\u03ad\u03c1\u03b1 \u03bc\u03bf\u03c5 \u03bc\u03ac\u03b6\u03b5\u03c5\u03b5 \u03c4\u03b1 \u03bc\u03c0\u03bb\u03ad \u03c6\u03cd\u03bb\u03bb\u03b1 \u03b1\u03c0\u03cc \u03c4\u03b7\u03bd \u03ba\u03bb\u03b7\u03bc\u03b1\u03c4\u03b1\u03c1\u03b9\u03ac \u03bc\u03b1\u03c2. \u03a4\u03cc\u03c4\u03b5 \u03cc\u03bb\u03b1 \u03c4\u03b1 \u03c3\u03c0\u03af\u03c4\u03b9\u03b1 \u03b5\u03af\u03c7\u03b1\u03bd \u03ba\u03bb\u03b7\u03bc\u03b1\u03c4\u03b1\u03c1\u03b9\u03ad\u03c2 \u03b5\u03bd\u03ce \u03c4\u03ce\u03c1\u03b1 \u03b1\u03b3\u03bf\u03c1\u03ac\u03b6\u03bf\u03c5\u03bd \u03c4\u03b1 \u03c6\u03cd\u03bb\u03bb\u03b1 \u03b1\u03c0\u03cc \u03c4\u03b7\u03bd \u03b1\u03b3\u03bf\u03c1\u03ac. \u03a4\u03b1 \u03c0\u03b5\u03c1\u03b9\u03c3\u03c3\u03cc\u03c4\u03b5\u03c1\u03b1 \u03c5\u03bb\u03b9\u03ba\u03ac \u03c0\u03bf\u03c5 \u03c7\u03c1\u03b7\u03c3\u03b9\u03bc\u03bf\u03c0\u03bf\u03b9\u03bf\u03cd\u03c3\u03b1\u03bc\u03b5 \u03c0\u03b1\u03bb\u03b9\u03ac \u03c3\u03c4\u03bf \u03bc\u03b1\u03b3\u03b5\u03af\u03c1\u03b5\u03bc\u03b1".
INFO:__main__:Starting translation...
INFO:__main__:Extracting context...
INFO:__main__:Context extracted: The main topic of this Greek text revolves around nostalgia and home cooking. The speaker is fixing a favorite dish, "koupepia", for the person they are addressing, highlighting how lucky they are. They reminisce about how in the past, ingredients like grape leaves, which are used in the dish they are preparing, were freshly picked from home gardens rather than bought from the market, indicating a sense of longing for the old ways of cooking.
INFO:__main__:Extracting key words...
INFO:__main__:Key words extracted: Key words: "\u03b3\u03b5\u03b3\u03bf\u03bd\u03cc\u03c2 (fact), \u03c4\u03b9 \u03ba\u03ac\u03bd\u03b5\u03b9\u03c2 (how are you), \u03ba\u03b1\u03bb\u03ce\u03c2 \u03c4\u03bf\u03bd \u03c0\u03b1\u03bb\u03b9\u03ba\u03ac\u03c1\u03b9 (welcome my lad), \u03ad\u03c6\u03c4\u03b9\u03b1\u03be\u03b1 (I made), \u03b1\u03b3\u03b1\u03c0\u03b7\u03bc\u03ad\u03bd\u03bf (favorite), \u03c6\u03b1\u03b3\u03b7\u03c4\u03cc (food), \u03ba\u03bf\u03c5\u03c0\u03ad\u03c0\u03b9\u03b1 (stuffed vine leaves), \u03c4\u03c5\u03c7\u03b5\u03c1\u03cc\u03c2 (lucky), \u03b3\u03b5\u03bb\u03bf\u03af\u03bf (fool), \u03bc\u03c0\u03bb\u03ad \u03c6\u03cd\u03bb\u03bb\u03b1 (vine leaves), \u03bc\u03b7\u03c4\u03ad\u03c1\u03b1 (mother), \u03bc\u03ac\u03b6\u03b5\u03c5\u03b5 (used to gather), \u03ba\u03bb\u03b7\u03bc\u03b1\u03c4\u03b1\u03c1\u03b9\u03ac (vineyard), \u03c3\u03c0\u03af\u03c4\u03b9\u03b1 (houses), \u03b1\u03b3\u03bf\u03c1\u03ac (market), \u03c5\u03bb\u03b9\u03ba\u03ac (ingredients), \u03bc\u03b1\u03b3\u03b5\u03af\u03c1\u03b5\u03bc\u03b1 (cooking)."
INFO:__main__:Translating text...
INFO:__main__:Translation completed: "Hello my dear, how are you? Welcome my lad, I just made your favorite food, vine leaves. How lucky you are, how can I fool you? First of all, I need vine leaves. When I was young, my mother used to gather the vine leaves from our vineyard. Back then, all houses had vineyards while now they buy the leaves from the market. We used to use most of the cooking ingredients from the old times."
INFO:__main__:Starting transcription...
INFO:__main__:Transcription completed:  \u0393\u03b5\u03b9\u03b1 \u03c3\u03bf\u03c5 \u03b3\u03b9\u03b1\u03b3\u03b9\u03ac, \u03c4\u03b9 \u03ba\u03ac\u03bd\u03b5\u03b9\u03c2? \u039a\u03b1\u03bb\u03ce\u03c2 \u03c4\u03bf \u03c0\u03b1\u03bb\u03b9\u03ba\u03ac\u03c1\u03b9 \u03bc\u03bf\u03c5! \u039c\u03cc\u03bb\u03b9\u03c2 \u03c4\u03ce\u03c1\u03b1 \u03ad\u03c6\u03c4\u03b9\u03b1\u03be\u03b1 \u03c4\u03bf \u03b1\u03b3\u03b1\u03c0\u03b7\u03bc\u03ad\u03bd\u03bf \u03c3\u03bf\u03c5 \u03c6\u03b1\u03b3\u03b7\u03c4\u03cc, \u03c4\u03b1 \u03ba\u03bf\u03c5\u03c0\u03ad\u03c0\u03b9\u03b1. \u03a4\u03b9 \u03c4\u03c5\u03c7\u03b5\u03c1\u03cc\u03c2 \u03c0\u03bf\u03c5 \u03b5\u03af\u03bc\u03b1\u03b9! \u03a0\u03ce\u03c2 \u03c4\u03b1 \u03ba\u03ac\u03bd\u03b5\u03b9\u03c2 \u03b3\u03b9\u03b1\u03b3\u03b9\u03ac? \u03a0\u03c1\u03ce\u03c4\u03b1 \u03b1\u03c0' \u03cc\u03bb\u03b1 \u03c7\u03c1\u03b5\u03b9\u03ac\u03b6\u03b5\u03c3\u03b1\u03b9 \u03b1\u03bc\u03c0\u03b5\u03bb\u03cc\u03c6\u03c5\u03bb\u03bb\u03b1. \u038c\u03c4\u03b1\u03bd \u03ae\u03bc\u03bf\u03c5\u03bd \u03bc\u03b9\u03ba\u03c1\u03ae, \u03b7 \u03bc\u03b7\u03c4\u03ad\u03c1\u03b1 \u03bc\u03bf\u03c5 \u03bc\u03ac\u03b6\u03b5\u03c5\u03b5 \u03c4\u03b1 \u03b1\u03bc\u03c0\u03b5\u03bb\u03cc\u03c6\u03c5\u03bb\u03bb\u03b1 \u03b1\u03c0\u03cc \u03c4\u03b7\u03bd \u03ba\u03bb\u03b9\u03bc\u03b1\u03c4\u03b1\u03c1\u03b9\u03ac \u03bc\u03b1\u03c2. \u03a4\u03cc\u03c4\u03b5 \u03cc\u03bb\u03b1 \u03c4\u03b1 \u03c3\u03c0\u03af\u03c4\u03b9\u03b1 \u03b5\u03af\u03c7\u03b1\u03bd \u03ba\u03bb\u03b9\u03bc\u03b1\u03c4\u03b1\u03c1\u03b9\u03ad\u03c2, \u03b5\u03bd\u03ce \u03c4\u03ce\u03c1\u03b1 \u03b1\u03b3\u03bf\u03c1\u03ac\u03b6\u03bf\u03c5\u03bd \u03c4\u03b1 \u03c6\u03cd\u03bb\u03bb\u03b1 \u03b1\u03c0\u03cc \u03c4\u03b7\u03bd \u03b1\u03b3\u03bf\u03c1\u03ac. \u03a4\u03b1 \u03c0\u03b5\u03c1\u03b9\u03c3\u03c3\u03cc\u03c4\u03b5\u03c1\u03b1 \u03c5\u03bb\u03b9\u03ba\u03ac \u03c0\u03bf\u03c5 \u03c7\u03c1\u03b7\u03c3\u03b9\u03bc\u03bf\u03c0\u03bf\u03b9\u03bf\u03cd\u03c3\u03b1\u03bc\u03b5 \u03c0\u03b1\u03bb\u03b9\u03ac \u03c3\u03c4\u03bf \u03bc\u03b1\u03b3\u03b5\u03af\u03c1\u03b5\u03bc\u03b1
INFO:__main__:Proofreading transcription...
INFO:__main__:Proofread transcription: The transcribed text is in Greek and appears to be largely correct syntactically and grammatically. However, the text seems incomplete. It ends abruptly with "\u03a4\u03b1 \u03c0\u03b5\u03c1\u03b9\u03c3\u03c3\u03cc\u03c4\u03b5\u03c1\u03b1 \u03c5\u03bb\u03b9\u03ba\u03ac \u03c0\u03bf\u03c5 \u03c7\u03c1\u03b7\u03c3\u03b9\u03bc\u03bf\u03c0\u03bf\u03b9\u03bf\u03cd\u03c3\u03b1\u03bc\u03b5 \u03c0\u03b1\u03bb\u03b9\u03ac \u03c3\u03c4\u03bf \u03bc\u03b1\u03b3\u03b5\u03af\u03c1\u03b5\u03bc\u03b1," which suggests that the speaker was about to list the ingredients they used in cooking in the past but was cut off.

The corrected and completed transcription may look something like this:

"\u0393\u03b5\u03b9\u03b1 \u03c3\u03bf\u03c5 \u03b3\u03b9\u03b1\u03b3\u03b9\u03ac, \u03c4\u03b9 \u03ba\u03ac\u03bd\u03b5\u03b9\u03c2? \u039a\u03b1\u03bb\u03ce\u03c2 \u03c4\u03bf \u03c0\u03b1\u03bb\u03b9\u03ba\u03ac\u03c1\u03b9 \u03bc\u03bf\u03c5! \u039c\u03cc\u03bb\u03b9\u03c2 \u03c4\u03ce\u03c1\u03b1 \u03ad\u03c6\u03c4\u03b9\u03b1\u03be\u03b1 \u03c4\u03bf \u03b1\u03b3\u03b1\u03c0\u03b7\u03bc\u03ad\u03bd\u03bf \u03c3\u03bf\u03c5 \u03c6\u03b1\u03b3\u03b7\u03c4\u03cc, \u03c4\u03b1 \u03ba\u03bf\u03c5\u03c0\u03ad\u03c0\u03b9\u03b1. \u03a4\u03b9 \u03c4\u03c5\u03c7\u03b5\u03c1\u03cc\u03c2 \u03c0\u03bf\u03c5 \u03b5\u03af\u03bc\u03b1\u03b9! \u03a0\u03ce\u03c2 \u03c4\u03b1 \u03ba\u03ac\u03bd\u03b5\u03b9\u03c2 \u03b3\u03b9\u03b1\u03b3\u03b9\u03ac? \u03a0\u03c1\u03ce\u03c4\u03b1 \u03b1\u03c0' \u03cc\u03bb\u03b1 \u03c7\u03c1\u03b5\u03b9\u03ac\u03b6\u03b5\u03c3\u03b1\u03b9 \u03b1\u03bc\u03c0\u03b5\u03bb\u03cc\u03c6\u03c5\u03bb\u03bb\u03b1. \u038c\u03c4\u03b1\u03bd \u03ae\u03bc\u03bf\u03c5\u03bd \u03bc\u03b9\u03ba\u03c1\u03ae, \u03b7 \u03bc\u03b7\u03c4\u03ad\u03c1\u03b1 \u03bc\u03bf\u03c5 \u03bc\u03ac\u03b6\u03b5\u03c5\u03b5 \u03c4\u03b1 \u03b1\u03bc\u03c0\u03b5\u03bb\u03cc\u03c6\u03c5\u03bb\u03bb\u03b1 \u03b1\u03c0\u03cc \u03c4\u03b7\u03bd \u03ba\u03bb\u03b9\u03bc\u03b1\u03c4\u03b1\u03c1\u03b9\u03ac \u03bc\u03b1\u03c2. \u03a4\u03cc\u03c4\u03b5 \u03cc\u03bb\u03b1 \u03c4\u03b1 \u03c3\u03c0\u03af\u03c4\u03b9\u03b1 \u03b5\u03af\u03c7\u03b1\u03bd \u03ba\u03bb\u03b9\u03bc\u03b1\u03c4\u03b1\u03c1\u03b9\u03ad\u03c2, \u03b5\u03bd\u03ce \u03c4\u03ce\u03c1\u03b1 \u03b1\u03b3\u03bf\u03c1\u03ac\u03b6\u03bf\u03c5\u03bd \u03c4\u03b1 \u03c6\u03cd\u03bb\u03bb\u03b1 \u03b1\u03c0\u03cc \u03c4\u03b7\u03bd \u03b1\u03b3\u03bf\u03c1\u03ac. \u03a4\u03b1 \u03c0\u03b5\u03c1\u03b9\u03c3\u03c3\u03cc\u03c4\u03b5\u03c1\u03b1 \u03c5\u03bb\u03b9\u03ba\u03ac \u03c0\u03bf\u03c5 \u03c7\u03c1\u03b7\u03c3\u03b9\u03bc\u03bf\u03c0\u03bf\u03b9\u03bf\u03cd\u03c3\u03b1\u03bc\u03b5 \u03c0\u03b1\u03bb\u03b9\u03ac \u03c3\u03c4\u03bf \u03bc\u03b1\u03b3\u03b5\u03af\u03c1\u03b5\u03bc\u03b1, \u03cc\u03c0\u03c9\u03c2 \u03c4\u03b1 \u03ba\u03b1\u03bb\u03b1\u03bc\u03c0\u03cc\u03ba\u03b9\u03b1, \u03c4\u03b9\u03c2 \u03c0\u03b1\u03c4\u03ac\u03c4\u03b5\u03c2 \u03ba\u03b1\u03b9 \u03c4\u03b1 \u03ba\u03c1\u03b5\u03bc\u03bc\u03cd\u03b4\u03b9\u03b1, \u03c4\u03b1 \u03ba\u03b1\u03bb\u03bb\u03b9\u03b5\u03c1\u03b3\u03bf\u03cd\u03c3\u03b1\u03bc\u03b5 \u03c3\u03c4\u03bf\u03bd \u03ba\u03ae\u03c0\u03bf \u03bc\u03b1\u03c2."

This transcription reads: "Hello grandmother, how are you? Welcome, my lad! I just made your favorite dish, dolmas. How lucky I am! How do you make them, grandma? First of all, you need grape leaves. When I was little, my mother used to collect grape leaves from our vine. Back then, all houses had vines, while now they buy leaves from the market. Most of the ingredients we used to use in cooking, such as corn, potatoes, and onions, we grew in our garden."
INFO:__main__:Starting translation...
INFO:__main__:Extracting context...
INFO:__main__:Context extracted: The given Greek text is a dialogue, specifically a conversation between a grandchild and their grandmother. The general theme is rooted in familial bonding and shared heritage through the tradition of cooking. The grandmother is reminiscing about the past, when they used to grow their own ingredients in their garden and what they used in cooking, suggesting a possible discussion or lesson about traditional cooking methods and recipes. Key aspects of the conversation involve the preparation of a traditional dish called dolmas and changes in ingredient sourcing over time.
INFO:__main__:Extracting key words...
INFO:__main__:Key words extracted: Key words: "\u0393\u03b5\u03b9\u03b1 \u03c3\u03bf\u03c5 \u03b3\u03b9\u03b1\u03b3\u03b9\u03ac (Hello grandmother), \u03c4\u03b9 \u03ba\u03ac\u03bd\u03b5\u03b9\u03c2 (how are you), \u03c6\u03b1\u03b3\u03b7\u03c4\u03cc (food), \u03ba\u03bf\u03c5\u03c0\u03ad\u03c0\u03b9\u03b1 (dolmas), \u03b1\u03bc\u03c0\u03b5\u03bb\u03cc\u03c6\u03c5\u03bb\u03bb\u03b1 (grape leaves), \u03bc\u03b7\u03c4\u03ad\u03c1\u03b1 (mother), \u03c3\u03c0\u03af\u03c4\u03b9\u03b1 (houses), \u03b1\u03b3\u03bf\u03c1\u03ac (market), \u03c5\u03bb\u03b9\u03ba\u03ac (ingredients), \u03bc\u03b1\u03b3\u03b5\u03af\u03c1\u03b5\u03bc\u03b1 (cooking), \u03ba\u03b1\u03bb\u03b1\u03bc\u03c0\u03cc\u03ba\u03b9\u03b1 (corn), \u03c0\u03b1\u03c4\u03ac\u03c4\u03b5\u03c2 (potatoes), \u03ba\u03c1\u03b5\u03bc\u03bc\u03cd\u03b4\u03b9\u03b1 (onions), \u03ba\u03b1\u03bb\u03bb\u03b9\u03b5\u03c1\u03b3\u03bf\u03cd\u03c3\u03b1\u03bc\u03b5 (we grew), \u03ba\u03ae\u03c0\u03bf (garden)."
INFO:__main__:Translating text...
INFO:__main__:Translation completed: "Hello grandma, how are you doing? Welcome my boy! I just made your favorite food, dolmas. How lucky am I! How do you make them, grandma? First of all, you need grape leaves. When I was little, my mom used to gather the grape leaves from our vine. Back then, all houses had vines, whereas now they buy the leaves from the market. Most of the ingredients we used to use back in the day for cooking, like corn, potatoes, and onions, we would grow in our garden."
INFO:__main__:Starting transcription...
INFO:__main__:Starting transcription...
INFO:__main__:Transcription completed:  \u0393\u03b5\u03b9\u03b1 \u03c3\u03bf\u03c5 \u03b3\u03b9\u03b1\u03b3\u03b9\u03ac, \u03c4\u03b9 \u03ba\u03ac\u03bd\u03b5\u03b9\u03c2? \u039a\u03b1\u03bb\u03ce\u03c2 \u03c4\u03bf \u03c0\u03b1\u03bb\u03b9\u03ba\u03ac\u03c1\u03b9 \u03bc\u03bf\u03c5! \u039c\u03cc\u03bb\u03b9\u03c2 \u03c4\u03ce\u03c1\u03b1 \u03ad\u03c6\u03c4\u03b9\u03b1\u03be\u03b1 \u03c4\u03bf \u03b1\u03b3\u03b1\u03c0\u03b7\u03bc\u03ad\u03bd\u03bf \u03c3\u03bf\u03c5 \u03c6\u03b1\u03b3\u03b7\u03c4\u03cc, \u03c4\u03b1 \u03ba\u03bf\u03c5\u03c0\u03ad\u03c0\u03b9\u03b1. \u03a4\u03b9 \u03c4\u03c5\u03c7\u03b5\u03c1\u03cc\u03c2 \u03c0\u03bf\u03c5 \u03b5\u03af\u03bc\u03b1\u03b9! \u03a0\u03ce\u03c2 \u03c4\u03b1 \u03ba\u03ac\u03bd\u03b5\u03b9\u03c2 \u03b3\u03b9\u03b1\u03b3\u03b9\u03ac? \u03a0\u03c1\u03ce\u03c4\u03b1 \u03b1\u03c0' \u03cc\u03bb\u03b1 \u03c7\u03c1\u03b5\u03b9\u03ac\u03b6\u03b5\u03c3\u03b1\u03b9 \u03b1\u03bc\u03c0\u03b5\u03bb\u03cc\u03c6\u03c5\u03bb\u03bb\u03b1. \u038c\u03c4\u03b1\u03bd \u03ae\u03bc\u03bf\u03c5\u03bd \u03bc\u03b9\u03ba\u03c1\u03ae, \u03b7 \u03bc\u03b7\u03c4\u03ad\u03c1\u03b1 \u03bc\u03bf\u03c5 \u03bc\u03ac\u03b6\u03b5\u03c5\u03b5 \u03c4\u03b1 \u03b1\u03bc\u03c0\u03b5\u03bb\u03cc\u03c6\u03c5\u03bb\u03bb\u03b1 \u03b1\u03c0\u03cc \u03c4\u03b7\u03bd \u03ba\u03bb\u03b9\u03bc\u03b1\u03c4\u03b1\u03c1\u03b9\u03ac \u03bc\u03b1\u03c2. \u03a4\u03cc\u03c4\u03b5 \u03cc\u03bb\u03b1 \u03c4\u03b1 \u03c3\u03c0\u03af\u03c4\u03b9\u03b1 \u03b5\u03af\u03c7\u03b1\u03bd \u03ba\u03bb\u03b9\u03bc\u03b1\u03c4\u03b1\u03c1\u03b9\u03ad\u03c2, \u03b5\u03bd\u03ce \u03c4\u03ce\u03c1\u03b1 \u03b1\u03b3\u03bf\u03c1\u03ac\u03b6\u03bf\u03c5\u03bd \u03c4\u03b1 \u03c6\u03cd\u03bb\u03bb\u03b1 \u03b1\u03c0\u03cc \u03c4\u03b7\u03bd \u03b1\u03b3\u03bf\u03c1\u03ac. \u03a4\u03b1 \u03c0\u03b5\u03c1\u03b9\u03c3\u03c3\u03cc\u03c4\u03b5\u03c1\u03b1 \u03c5\u03bb\u03b9\u03ba\u03ac \u03c0\u03bf\u03c5 \u03c7\u03c1\u03b7\u03c3\u03b9\u03bc\u03bf\u03c0\u03bf\u03b9\u03bf\u03cd\u03c3\u03b1\u03bc\u03b5 \u03c0\u03b1\u03bb\u03b9\u03ac \u03c3\u03c4\u03bf \u03bc\u03b1\u03b3\u03b5\u03af\u03c1\u03b5\u03bc\u03b1
INFO:__main__:Proofreading transcription...
INFO:__main__:Proofread transcription: "\u0393\u03b5\u03b9\u03b1 \u03c3\u03bf\u03c5 \u03b3\u03b9\u03b1\u03b3\u03b9\u03ac, \u03c4\u03b9 \u03ba\u03ac\u03bd\u03b5\u03b9\u03c2; \u039a\u03b1\u03bb\u03ce\u03c2 \u03c4\u03bf \u03c0\u03b1\u03bb\u03b9\u03ba\u03ac\u03c1\u03b9 \u03bc\u03bf\u03c5! \u039c\u03cc\u03bb\u03b9\u03c2 \u03c4\u03ce\u03c1\u03b1 \u03ad\u03c6\u03c4\u03b9\u03b1\u03be\u03b1 \u03c4\u03bf \u03b1\u03b3\u03b1\u03c0\u03b7\u03bc\u03ad\u03bd\u03bf \u03c3\u03bf\u03c5 \u03c6\u03b1\u03b3\u03b7\u03c4\u03cc, \u03c4\u03b1 \u03ba\u03bf\u03c5\u03c0\u03ad\u03c0\u03b9\u03b1. \u03a4\u03b9 \u03c4\u03c5\u03c7\u03b5\u03c1\u03cc\u03c2 \u03c0\u03bf\u03c5 \u03b5\u03af\u03bc\u03b1\u03b9! \u03a0\u03ce\u03c2 \u03c4\u03b1 \u03ba\u03ac\u03bd\u03b5\u03b9\u03c2 \u03b3\u03b9\u03b1\u03b3\u03b9\u03ac; \u03a0\u03c1\u03ce\u03c4\u03b1 \u03b1\u03c0' \u03cc\u03bb\u03b1 \u03c7\u03c1\u03b5\u03b9\u03ac\u03b6\u03b5\u03c3\u03b1\u03b9 \u03b1\u03bc\u03c0\u03b5\u03bb\u03cc\u03c6\u03c5\u03bb\u03bb\u03b1. \u038c\u03c4\u03b1\u03bd \u03ae\u03bc\u03bf\u03c5\u03bd \u03bc\u03b9\u03ba\u03c1\u03ae, \u03b7 \u03bc\u03b7\u03c4\u03ad\u03c1\u03b1 \u03bc\u03bf\u03c5 \u03bc\u03ac\u03b6\u03b5\u03c5\u03b5 \u03c4\u03b1 \u03b1\u03bc\u03c0\u03b5\u03bb\u03cc\u03c6\u03c5\u03bb\u03bb\u03b1 \u03b1\u03c0\u03cc \u03c4\u03b7\u03bd \u03ba\u03bb\u03b7\u03bc\u03b1\u03c4\u03b1\u03c1\u03b9\u03ac \u03bc\u03b1\u03c2. \u03a4\u03cc\u03c4\u03b5 \u03cc\u03bb\u03b1 \u03c4\u03b1 \u03c3\u03c0\u03af\u03c4\u03b9\u03b1 \u03b5\u03af\u03c7\u03b1\u03bd \u03ba\u03bb\u03b7\u03bc\u03b1\u03c4\u03b1\u03c1\u03b9\u03ad\u03c2, \u03b5\u03bd\u03ce \u03c4\u03ce\u03c1\u03b1 \u03b1\u03b3\u03bf\u03c1\u03ac\u03b6\u03bf\u03c5\u03bd \u03c4\u03b1 \u03c6\u03cd\u03bb\u03bb\u03b1 \u03b1\u03c0\u03cc \u03c4\u03b7\u03bd \u03b1\u03b3\u03bf\u03c1\u03ac. \u03a4\u03b1 \u03c0\u03b5\u03c1\u03b9\u03c3\u03c3\u03cc\u03c4\u03b5\u03c1\u03b1 \u03c5\u03bb\u03b9\u03ba\u03ac \u03c0\u03bf\u03c5 \u03c7\u03c1\u03b7\u03c3\u03b9\u03bc\u03bf\u03c0\u03bf\u03b9\u03bf\u03cd\u03c3\u03b1\u03bc\u03b5 \u03c0\u03b1\u03bb\u03b9\u03ac \u03c3\u03c4\u03bf \u03bc\u03b1\u03b3\u03b5\u03af\u03c1\u03b5\u03bc\u03b1"
INFO:__main__:Starting translation...
INFO:__main__:Extracting context...
INFO:__main__:Context extracted: The text is a conversation between a grandchild and his grandmother in Greek. The main topic is about cooking and, more specifically, about traditional Greek cuisine. The grandmother has just made the grandchild's favorite dish, "koupepia", a traditional Greek dish made from vine leaves. The conversation also discusses some changes in culinary practices, such as the transition from sourcing ingredients like vine leaves in-house to buying them from the market.
INFO:__main__:Extracting key words...
INFO:__main__:Key words extracted: Key words: "\u03b3\u03b5\u03b9\u03b1 \u03c3\u03bf\u03c5 (hello), \u03b3\u03b9\u03b1\u03b3\u03b9\u03ac (grandmother), \u03c4\u03b9 \u03ba\u03ac\u03bd\u03b5\u03b9\u03c2 (how are you), \u03ba\u03b1\u03bb\u03ce\u03c2 (welcome), \u03c0\u03b1\u03bb\u03b9\u03ba\u03ac\u03c1\u03b9 (boy), \u03bc\u03cc\u03bb\u03b9\u03c2 \u03c4\u03ce\u03c1\u03b1 (just now), \u03ad\u03c6\u03c4\u03b9\u03b1\u03be\u03b1 (made), \u03b1\u03b3\u03b1\u03c0\u03b7\u03bc\u03ad\u03bd\u03bf (favorite), \u03c6\u03b1\u03b3\u03b7\u03c4\u03cc (food), \u03ba\u03bf\u03c5\u03c0\u03ad\u03c0\u03b9\u03b1 (stuffed vine leaves or dolmades), \u03c4\u03c5\u03c7\u03b5\u03c1\u03cc\u03c2 (lucky), \u03b1\u03bc\u03c0\u03b5\u03bb\u03cc\u03c6\u03c5\u03bb\u03bb\u03b1 (vine leaves), \u03bc\u03b9\u03ba\u03c1\u03ae (young), \u03bc\u03b7\u03c4\u03ad\u03c1\u03b1 (mother), \u03bc\u03ac\u03b6\u03b5\u03c5\u03b5 (collected), \u03ba\u03bb\u03b7\u03bc\u03b1\u03c4\u03b1\u03c1\u03b9\u03ac (vine), \u03c3\u03c0\u03af\u03c4\u03b9\u03b1 (houses), \u03ba\u03bb\u03b7\u03bc\u03b1\u03c4\u03b1\u03c1\u03b9\u03ad\u03c2 (vines), \u03b1\u03b3\u03bf\u03c1\u03ac (market), \u03c6\u03cd\u03bb\u03bb\u03b1 (leaves), \u03a0\u03b5\u03c1\u03b9\u03c3\u03c3\u03cc\u03c4\u03b5\u03c1\u03b1 (more), \u03c5\u03bb\u03b9\u03ba\u03ac (ingredients), \u03c7\u03c1\u03b7\u03c3\u03b9\u03bc\u03bf\u03c0\u03bf\u03b9\u03bf\u03cd\u03c3\u03b1\u03bc\u03b5 (we used), \u03c0\u03b1\u03bb\u03b9\u03ac (old), \u03bc\u03b1\u03b3\u03b5\u03af\u03c1\u03b5\u03bc\u03b1 (cooking)".
INFO:__main__:Translating text...
INFO:__main__:Translation completed: "Hello Grandma, how are you? 
Welcome, my boy! I just made your favorite food, koupepia. 
How lucky am I! How do you make koupepia, Grandma? 
First of all, you need vine leaves. 
When I was young, my mother used to collect the vine leaves from our vine. 
Back then, all the houses had vines, but now they buy the leaves from the market. 
Most of the ingredients we used to use for cooking in the past..."
INFO:__main__:Prompt tokens: 22, Completion tokens: 25, Cost: 2.16
INFO:__main__:Prompt tokens: 22, Completion tokens: 28, Cost: 0.0023399999999999996
INFO:__main__:Prompt tokens: 22, Completion tokens: 22, Cost: 0.00198
INFO:__main__:Starting translation...
INFO:__main__:Extracting context...
INFO:__main__:Prompt tokens: 62, Completion tokens: 46, Cost: 0.00462
INFO:__main__:Context extracted: This text is a classic English pangram, which is a sentence that uses every letter of the alphabet at least once. The main context is a description of a scenario where a fast, brown fox is jumping over a lazy dog.
INFO:__main__:Extracting key words...
INFO:__main__:Prompt tokens: 139, Completion tokens: 72, Cost: 0.008489999999999998
INFO:__main__:Key words extracted: Key words: "quick (\u03b3\u03c1\u03ae\u03b3\u03bf\u03c1\u03b7), brown (\u03ba\u03b1\u03c6\u03ad), fox (\u03b1\u03bb\u03b5\u03c0\u03bf\u03cd), jumps (\u03c0\u03b7\u03b4\u03ac\u03b5\u03b9), over (\u03c0\u03ac\u03bd\u03c9 \u03b1\u03c0\u03cc), the lazy (\u03b7 \u03c4\u03b5\u03bc\u03c0\u03ad\u03bb\u03b7), dog (\u03c3\u03ba\u03cd\u03bb\u03bf\u03c2)"
INFO:__main__:Translating text...
INFO:__main__:Prompt tokens: 424, Completion tokens: 51, Cost: 0.01578
INFO:__main__:Translation completed: "\u0397 \u03b3\u03c1\u03ae\u03b3\u03bf\u03c1\u03b7 \u03ba\u03b1\u03c6\u03ad \u03b1\u03bb\u03b5\u03c0\u03bf\u03cd \u03c0\u03b7\u03b4\u03ac\u03b5\u03b9 \u03c0\u03ac\u03bd\u03c9 \u03b1\u03c0\u03cc \u03c4\u03bf\u03bd \u03c4\u03b5\u03bc\u03c0\u03ad\u03bb\u03b7 \u03c3\u03ba\u03cd\u03bb\u03bf."
INFO:__main__:Audio file size: 585168 bytes and 6.634557823129252 seconds
INFO:__main__:Starting transcription...
INFO:__main__:Transcription completed: {
  "text": "\u0393\u03b5\u03b9\u03b1 \u03c3\u03bf\u03c5 \u03b3\u03b9\u03b1\u03b3\u03b9\u03ac! \u03a4\u03b9 \u03ba\u03ac\u03bd\u03b5\u03b9\u03c2? \u039a\u03b1\u03bb\u03ce\u03c2 \u03c4\u03bf \u03c0\u03b1\u03bb\u03b9\u03ba\u03ac\u03c1\u03b9 \u03bc\u03bf\u03c5! \u039c\u03cc\u03bb\u03b9\u03c2 \u03c4\u03ce\u03c1\u03b1 \u03ad\u03c6\u03c4\u03b9\u03b1\u03be\u03b1 \u03c4\u03bf \u03b1\u03b3\u03b1\u03c0\u03b7\u03bc\u03ad\u03bd\u03bf \u03c3\u03bf\u03c5 \u03c6\u03b1\u03b3\u03b7\u03c4\u03cc, \u03c4\u03b1 \u03ba\u03bf\u03c5\u03c0\u03ad\u03c0\u03b9\u03b1! \u03a4\u03b9 \u03c4\u03c5\u03c7\u03b5\u03c1\u03cc\u03c2 \u03c0\u03bf\u03c5 \u03b5\u03af\u03bc\u03b1\u03b9! \u03a0\u03ce\u03c2 \u03c4\u03b1 \u03ba\u03ac\u03bd\u03b5\u03b9\u03c2 \u03b3\u03b9\u03b1\u03b3\u03b9\u03ac? \u03a0\u03c1\u03ce\u03c4\u03b1 \u03b1\u03c0' \u03cc\u03bb\u03b1, \u03c7\u03c1\u03b5\u03b9\u03ac\u03b6\u03b5\u03c3\u03b1\u03b9 \u03b1\u03bc\u03c0\u03b5\u03bb\u03cc\u03c6\u03c5\u03bb\u03bb\u03b1. \u038c\u03c4\u03b1\u03bd \u03ae\u03bc\u03bf\u03c5\u03bd \u03bc\u03b9\u03ba\u03c1\u03ae, \u03b7 \u03bc\u03b7\u03c4\u03ad\u03c1\u03b1 \u03bc\u03bf\u03c5 \u03bc\u03ac\u03b6\u03b5\u03c5\u03b5 \u03c4\u03b1 \u03b1\u03bc\u03c0\u03b5\u03bb\u03cc\u03c6\u03c5\u03bb\u03bb\u03b1 \u03b1\u03c0\u03cc \u03c4\u03b7\u03bd \u03ba\u03bb\u03b9\u03bc\u03b1\u03c4\u03b1\u03c1\u03b9\u03ac \u03bc\u03b1\u03c2. \u03a4\u03cc\u03c4\u03b5 \u03cc\u03bb\u03b1 \u03c4\u03b1 \u03c3\u03c0\u03af\u03c4\u03b9\u03b1 \u03b5\u03af\u03c7\u03b1\u03bd \u03ba\u03bb\u03b9\u03bc\u03b1\u03c4\u03b1\u03c1\u03b9\u03ad\u03c2, \u03b5\u03bd\u03ce \u03c4\u03ce\u03c1\u03b1 \u03b1\u03b3\u03bf\u03c1\u03ac\u03b6\u03bf\u03c5\u03bd \u03c4\u03b1 \u03c6\u03cd\u03bb\u03bb\u03b1 \u03b1\u03c0\u03cc \u03c4\u03b7\u03bd \u03b1\u03b3\u03bf\u03c1\u03ac. \u03a4\u03b1 \u03c0\u03b5\u03c1\u03b9\u03c3\u03c3\u03cc\u03c4\u03b5\u03c1\u03b1 \u03c5\u03bb\u03b9\u03ba\u03ac \u03c0\u03bf\u03c5 \u03c7\u03c1\u03b7\u03c3\u03b9\u03bc\u03bf\u03c0\u03bf\u03b9\u03bf\u03cd\u03c3\u03b1\u03bc\u03b5 \u03c0\u03b1\u03bb\u03b9\u03ac \u03c3\u03c4\u03bf \u03bc\u03b1\u03b3\u03b5\u03af\u03c1\u03b5\u03bc\u03b1"
}
INFO:__main__:Proofreading transcription...
INFO:__main__:Prompt tokens: 1551, Completion tokens: 366, Cost: 0.06849
INFO:__main__:Proofread transcription: "\u0393\u03b5\u03b9\u03b1 \u03c3\u03bf\u03c5 \u03b3\u03b9\u03b1\u03b3\u03b9\u03ac! \u03a4\u03b9 \u03ba\u03ac\u03bd\u03b5\u03b9\u03c2? \u039a\u03b1\u03bb\u03ce\u03c2 \u03c4\u03bf \u03c0\u03b1\u03bb\u03b9\u03ba\u03ac\u03c1\u03b9 \u03bc\u03bf\u03c5! \u039c\u03cc\u03bb\u03b9\u03c2 \u03c4\u03ce\u03c1\u03b1 \u03ad\u03c6\u03c4\u03b9\u03b1\u03be\u03b1 \u03c4\u03bf \u03b1\u03b3\u03b1\u03c0\u03b7\u03bc\u03ad\u03bd\u03bf \u03c3\u03bf\u03c5 \u03c6\u03b1\u03b3\u03b7\u03c4\u03cc, \u03c4\u03b1 \u03ba\u03bf\u03c5\u03c0\u03ad\u03c0\u03b9\u03b1! \u03a4\u03b9 \u03c4\u03c5\u03c7\u03b5\u03c1\u03cc\u03c2 \u03c0\u03bf\u03c5 \u03b5\u03af\u03bc\u03b1\u03b9! \u03a0\u03ce\u03c2 \u03c4\u03b1 \u03ba\u03ac\u03bd\u03b5\u03b9\u03c2 \u03b3\u03b9\u03b1\u03b3\u03b9\u03ac? \u03a0\u03c1\u03ce\u03c4\u03b1 \u03b1\u03c0' \u03cc\u03bb\u03b1, \u03c7\u03c1\u03b5\u03b9\u03ac\u03b6\u03b5\u03c3\u03b1\u03b9 \u03b1\u03bc\u03c0\u03b5\u03bb\u03cc\u03c6\u03c5\u03bb\u03bb\u03b1. \u038c\u03c4\u03b1\u03bd \u03ae\u03bc\u03bf\u03c5\u03bd \u03bc\u03b9\u03ba\u03c1\u03ae, \u03b7 \u03bc\u03b7\u03c4\u03ad\u03c1\u03b1 \u03bc\u03bf\u03c5 \u03bc\u03ac\u03b6\u03b5\u03c5\u03b5 \u03c4\u03b1 \u03b1\u03bc\u03c0\u03b5\u03bb\u03cc\u03c6\u03c5\u03bb\u03bb\u03b1 \u03b1\u03c0\u03cc \u03c4\u03b7\u03bd \u03ba\u03bb\u03b9\u03bc\u03b1\u03c4\u03b1\u03c1\u03b9\u03ac \u03bc\u03b1\u03c2. \u03a4\u03cc\u03c4\u03b5 \u03cc\u03bb\u03b1 \u03c4\u03b1 \u03c3\u03c0\u03af\u03c4\u03b9\u03b1 \u03b5\u03af\u03c7\u03b1\u03bd \u03ba\u03bb\u03b9\u03bc\u03b1\u03c4\u03b1\u03c1\u03b9\u03ad\u03c2, \u03b5\u03bd\u03ce \u03c4\u03ce\u03c1\u03b1 \u03b1\u03b3\u03bf\u03c1\u03ac\u03b6\u03bf\u03c5\u03bd \u03c4\u03b1 \u03c6\u03cd\u03bb\u03bb\u03b1 \u03b1\u03c0\u03cc \u03c4\u03b7\u03bd \u03b1\u03b3\u03bf\u03c1\u03ac. \u03a4\u03b1 \u03c0\u03b5\u03c1\u03b9\u03c3\u03c3\u03cc\u03c4\u03b5\u03c1\u03b1 \u03c5\u03bb\u03b9\u03ba\u03ac \u03c0\u03bf\u03c5 \u03c7\u03c1\u03b7\u03c3\u03b9\u03bc\u03bf\u03c0\u03bf\u03b9\u03bf\u03cd\u03c3\u03b1\u03bc\u03b5 \u03c0\u03b1\u03bb\u03b9\u03ac \u03c3\u03c4\u03bf \u03bc\u03b1\u03b3\u03b5\u03af\u03c1\u03b5\u03bc\u03b1

INFO:__main__:Starting translation...
INFO:__main__:Extracting context...
INFO:__main__:Prompt tokens: 418, Completion tokens: 81, Cost: 0.0174
INFO:__main__:Context extracted: The text is in Greek and revolves around a conversation between a grandmother and her grandson. The main topic is about cooking traditional Greek food, specifically a dish called "koupepia". The grandmother reminisces about old times and details the necessary ingredients, mentioning how they used to gather grape leaves for the dish from their own vineyard, in contrast to present times when people buy them from the market.
INFO:__main__:Extracting key words...
INFO:__main__:Prompt tokens: 527, Completion tokens: 175, Cost: 0.026309999999999997
INFO:__main__:Key words extracted: Key words: "\u03b3\u03b5\u03b9\u03b1 \u03c3\u03bf\u03c5 (hello), \u03b3\u03b9\u03b1\u03b3\u03b9\u03ac (grandmother), \u03ba\u03b1\u03bb\u03ce\u03c2 (welcome), \u03c0\u03b1\u03bb\u03b9\u03ba\u03ac\u03c1\u03b9 (boy), \u03b1\u03b3\u03b1\u03c0\u03b7\u03bc\u03ad\u03bd\u03bf (favorite), \u03c6\u03b1\u03b3\u03b7\u03c4\u03cc (food), \u03ba\u03bf\u03c5\u03c0\u03ad\u03c0\u03b9\u03b1 (stuffed vine leaves), \u03c4\u03c5\u03c7\u03b5\u03c1\u03cc\u03c2 (lucky), \u03b1\u03bc\u03c0\u03b5\u03bb\u03cc\u03c6\u03c5\u03bb\u03bb\u03b1 (vine leaves), \u03bc\u03b7\u03c4\u03ad\u03c1\u03b1 (mother), \u03bc\u03ac\u03b6\u03b5\u03c5\u03b5 (gathered), \u03ba\u03bb\u03b9\u03bc\u03b1\u03c4\u03b1\u03c1\u03b9\u03ac (vine), \u03c3\u03c0\u03af\u03c4\u03b9\u03b1 (houses), \u03b1\u03b3\u03bf\u03c1\u03ac (market), \u03c5\u03bb\u03b9\u03ba\u03ac (ingredients), \u03bc\u03b1\u03b3\u03b5\u03af\u03c1\u03b5\u03bc\u03b1 (cooking)."
INFO:__main__:Translating text...
INFO:__main__:Prompt tokens: 920, Completion tokens: 105, Cost: 0.03389999999999999
INFO:__main__:Translation completed: "Hello grandmother! How are you? Welcome, my boy! I've just made your favorite meal, koupepia! How lucky I am! How do you make it, grandmother? First of all, you need vine leaves. When I was young, my mother used to gather vine leaves from our vineyard. Back then, every house had a vineyard, while now people buy the leaves from the market. Most of the ingredients we used to use in cooking, we got from our own home garden."
INFO:botocore.credentials:Found credentials in shared credentials file: ~/.aws/credentials
INFO:__main__:Starting translation...
INFO:__main__:Extracting context...
INFO:__main__:Prompt tokens: 60, Completion tokens: 15, Cost: 0.0027
INFO:__main__:Context extracted: The overall topic of the text is the speaker's interest in playing soccer.
INFO:__main__:Extracting key words...
INFO:__main__:Prompt tokens: 169, Completion tokens: 32, Cost: 0.00699
INFO:__main__:Key words extracted: The text you've provided seems to contain a typing error and is in English, not Greek. Please provide a correct and proper Greek text for me to process.

INFO:__main__:Translating text...
INFO:__main__:Prompt tokens: 355, Completion tokens: 33, Cost: 0.012629999999999999
INFO:__main__:Translation completed: There seems to be a misunderstanding. The text provided: "I like to play soccer" is already in English, not in other language. No translation is needed.
INFO:__main__:Starting translation...
INFO:__main__:Extracting context...
INFO:__main__:Prompt tokens: 58, Completion tokens: 20, Cost: 0.00294
INFO:__main__:Context extracted: The overall context or main topic of this text is the speaker's interest or enjoyment in playing soccer.
INFO:__main__:Extracting key words...
INFO:__main__:Prompt tokens: 167, Completion tokens: 25, Cost: 0.006509999999999999
INFO:__main__:Key words extracted: The text you provided appears to be in English already, but there's a formatting error. Please provide the correct Greek text.
INFO:__main__:Translating text...
INFO:__main__:Prompt tokens: 350, Completion tokens: 33, Cost: 0.012479999999999998
INFO:__main__:Translation completed: "There appears to be a misunderstanding as the text provided is already in English. Therefore, no translation is required. The text reads: 'I like to play soccer.'"
INFO:__main__:Starting translation...
INFO:__main__:Extracting context...
INFO:__main__:Prompt tokens: 58, Completion tokens: 20, Cost: 0.00294
INFO:__main__:Context extracted: The context of this text is about an individual expressing their personal fondness or interest in playing soccer.
INFO:__main__:Extracting key words...
INFO:__main__:Prompt tokens: 167, Completion tokens: 37, Cost: 0.0072299999999999994
INFO:__main__:Key words extracted: The provided text doesn't seem to be in Greek. It's important to make sure the correct language is inputted in order for the AI model to extract key words and phrases effectively.
INFO:__main__:Translating text...
INFO:__main__:Prompt tokens: 360, Completion tokens: 20, Cost: 0.011999999999999999
INFO:__main__:Translation completed: "The text 'I like to play soccer' is already in English and it does not require translation."
INFO:__main__:Starting translation...
INFO:__main__:Extracting context...
INFO:__main__:Prompt tokens: 58, Completion tokens: 19, Cost: 0.0028799999999999997
INFO:__main__:Context extracted: The overall context or main topic of the text is the speaker expressing their enjoyment of playing soccer.
INFO:__main__:Extracting key words...
INFO:__main__:Prompt tokens: 167, Completion tokens: 27, Cost: 0.00663
INFO:__main__:Key words extracted: Your text appears to be in English not Greek. However, I can still provide the key words: "like, play, soccer".
INFO:__main__:Translating text...
INFO:__main__:Prompt tokens: 350, Completion tokens: 18, Cost: 0.011579999999999998
INFO:__main__:Translation completed: "Your text is already in English, it says, "I like to play soccer.""
INFO:__main__:Starting translation...
INFO:__main__:Extracting context...
INFO:__main__:Prompt tokens: 58, Completion tokens: 17, Cost: 0.0027599999999999994
INFO:__main__:Context extracted: The main topic of this text is the speaker's interest or enjoyment in playing soccer.
INFO:__main__:Extracting key words...
INFO:__main__:Prompt tokens: 167, Completion tokens: 25, Cost: 0.006509999999999999
INFO:__main__:Key words extracted: The text you provided is not in Greek, so no keywords can be extracted from it. Please provide a text in Greek.
INFO:__main__:Translating text...
INFO:__main__:Prompt tokens: 345, Completion tokens: 38, Cost: 0.012629999999999999
INFO:__main__:Translation completed: "The text you provided, "ilike to play soccer" is already in English, but it appears to have a typo. It should be corrected to read:

"I like to play soccer."
INFO:__main__:Starting translation...
INFO:__main__:Extracting context...
INFO:__main__:Prompt tokens: 58, Completion tokens: 16, Cost: 0.0026999999999999997
INFO:__main__:Context extracted: The main topic of the text is the speaker expressing their enjoyment of playing soccer.
INFO:__main__:Extracting key words...
INFO:__main__:Prompt tokens: 167, Completion tokens: 67, Cost: 0.00903
INFO:__main__:Key words extracted: It seems like you provided an English text sentence. However, I can provide the Greek translations for the keywords. 

Text:"I like to play soccer."
Key words: "like (\u03bc\u03bf\u03c5 \u03b1\u03c1\u03ad\u03c3\u03b5\u03b9), play (\u03c0\u03b1\u03af\u03b6\u03c9), soccer (\u03c0\u03bf\u03b4\u03cc\u03c3\u03c6\u03b1\u03b9\u03c1\u03bf)"
INFO:__main__:Translating text...
INFO:__main__:Prompt tokens: 387, Completion tokens: 68, Cost: 0.01569
INFO:__main__:Translation completed: "I like to play soccer." 

(Note: The sentence was already in English so no translation was needed. However, should this need to be converted to Greek considering the key words provided, it would read "\u039c\u03bf\u03c5 \u03b1\u03c1\u03ad\u03c3\u03b5\u03b9 \u03bd\u03b1 \u03c0\u03b1\u03af\u03b6\u03c9 \u03c0\u03bf\u03b4\u03cc\u03c3\u03c6\u03b1\u03b9\u03c1\u03bf.")
INFO:__main__:Starting translation...
INFO:__main__:Extracting context...
INFO:__main__:Prompt tokens: 58, Completion tokens: 36, Cost: 0.0038999999999999994
INFO:__main__:Context extracted: The context of the text seems to be about discussions on translation or language conversion, wherein the term "source language" typically refers to the original language from which something is being translated.
INFO:__main__:Extracting key words...
INFO:__main__:Prompt tokens: 167, Completion tokens: 29, Cost: 0.006749999999999999
INFO:__main__:Key words extracted: I'm sorry but it seems there is no Greek text provided here for me to extract key words from. Could you please provide a Greek text?
INFO:__main__:Translating text...
INFO:__main__:Prompt tokens: 368, Completion tokens: 37, Cost: 0.01326
INFO:__main__:Translation completed: "I'm sorry, but there seems to be a misunderstanding. The provided text is already in English and it says 'What is the source language?'. There is no need for translation."
INFO:__main__:Starting translation...
INFO:__main__:Extracting context...
INFO:__main__:Prompt tokens: 58, Completion tokens: 22, Cost: 0.00306
INFO:__main__:Context extracted: The context or main topic of this text is the person's interest or enjoyment in playing the sport of soccer.
INFO:__main__:Extracting key words...
INFO:__main__:Prompt tokens: 167, Completion tokens: 29, Cost: 0.006749999999999999
INFO:__main__:Key words extracted: The provided text seems to be incomplete because it's in English and not in Greek. Could you please provide a full Greek sentence for keyword extraction?
INFO:__main__:Translating text...
INFO:__main__:Prompt tokens: 354, Completion tokens: 15, Cost: 0.011519999999999999
INFO:__main__:Translation completed: "The provided text is already in English: 'I like to play soccer.'"
INFO:__main__:Starting translation...
INFO:__main__:Extracting context...
INFO:__main__:Prompt tokens: 62, Completion tokens: 42, Cost: 0.004379999999999999
INFO:__main__:Context extracted: The text is a well-known English pangram—a sentence that contains all the letters of the English alphabet. It primarily presents a simple scene from nature where a quick, brown fox is jumping over a lazy dog.
INFO:__main__:Extracting key words...
INFO:__main__:Prompt tokens: 139, Completion tokens: 71, Cost: 0.00843
INFO:__main__:Key words extracted: Key words: "quick (\u03b3\u03c1\u03ae\u03b3\u03bf\u03c1\u03b7), brown (\u03ba\u03b1\u03c6\u03ad), fox (\u03b1\u03bb\u03b5\u03c0\u03bf\u03cd), jumps (\u03c0\u03b7\u03b4\u03ac\u03b5\u03b9), over (\u03c0\u03ac\u03bd\u03c9 \u03b1\u03c0\u03cc), lazy (\u03c4\u03b5\u03bc\u03c0\u03ad\u03bb\u03b7\u03c2), dog (\u03c3\u03ba\u03cd\u03bb\u03bf\u03c2)"
INFO:__main__:Translating text...
INFO:botocore.credentials:Found credentials in shared credentials file: ~/.aws/credentials
INFO:__main__:Starting translation...
INFO:__main__:Extracting context...
INFO:__main__:Prompt tokens: 56, Completion tokens: 31, Cost: 0.0035399999999999997
INFO:__main__:Context extracted: The provided text does not seem to be in Greek. Based on the English words presented, the context is about a personal preference for the sport of soccer.
INFO:__main__:Extracting key words...
INFO:__main__:Prompt tokens: 165, Completion tokens: 109, Cost: 0.01149
INFO:__main__:Key words extracted: Apparently, your input text seems to be incomplete and lacking Greek phrases to extract key words from. However, having provided the phrase "I like soccer" I can translate and determine the key words from that. In Greek, "I like soccer" translates as "\u039c\u03bf\u03c5 \u03b1\u03c1\u03ad\u03c3\u03b5\u03b9 \u03c4\u03bf \u03c0\u03bf\u03b4\u03cc\u03c3\u03c6\u03b1\u03b9\u03c1\u03bf". Key phrase in Greek would be: "\u039c\u03bf\u03c5 \u03b1\u03c1\u03ad\u03c3\u03b5\u03b9 (I like), \u03c4\u03bf \u03c0\u03bf\u03b4\u03cc\u03c3\u03c6\u03b1\u03b9\u03c1\u03bf (soccer)".
INFO:__main__:Translating text...
INFO:__main__:Prompt tokens: 440, Completion tokens: 22, Cost: 0.014519999999999998
INFO:__main__:Translation completed: "\u039c\u03bf\u03c5 \u03b1\u03c1\u03ad\u03c3\u03b5\u03b9 \u03c4\u03bf \u03c0\u03bf\u03b4\u03cc\u03c3\u03c6\u03b1\u03b9\u03c1\u03bf"
INFO:__main__:Starting translation...
INFO:__main__:Extracting context...
INFO:__main__:Prompt tokens: 56, Completion tokens: 42, Cost: 0.0042
INFO:__main__:Context extracted: The text is in English, not Greek. However, its context pertains to the personal preferences of an individual who seems to be expressing their fondness or interest in soccer, which is a popular global sport.
INFO:__main__:Extracting key words...
INFO:__main__:Prompt tokens: 165, Completion tokens: 23, Cost: 0.00633
INFO:__main__:Key words extracted: The text appears to be incorrectly formatted and doesn't contain any Greek words. Please provide a Greek text for analysis.
INFO:__main__:Translating text...
INFO:__main__:Prompt tokens: 364, Completion tokens: 22, Cost: 0.01224
INFO:__main__:Translation completed: "\u039c\u03bf\u03c5 \u03b1\u03c1\u03ad\u03c3\u03b5\u03b9 \u03c4\u03bf \u03c0\u03bf\u03b4\u03cc\u03c3\u03c6\u03b1\u03b9\u03c1\u03bf"
INFO:__main__:Starting translation...
INFO:__main__:Extracting context...
INFO:__main__:Prompt tokens: 73, Completion tokens: 25, Cost: 0.0036899999999999997
INFO:__main__:Context extracted: The main topic of this Greek text is personal interest, specifically the speaker expressing their liking or enjoyment of football (soccer).
INFO:__main__:Extracting key words...
INFO:__main__:Prompt tokens: 182, Completion tokens: 31, Cost: 0.007319999999999999
INFO:__main__:Key words extracted: Key words: "\u039c\u03bf\u03c5 \u03b1\u03c1\u03ad\u03c3\u03b5\u03b9 (I like), \u03c4\u03bf \u03c0\u03bf\u03b4\u03cc\u03c3\u03c6\u03b1\u03b9\u03c1\u03bf (football)"
INFO:__main__:Translating text...
INFO:__main__:Prompt tokens: 373, Completion tokens: 4, Cost: 0.01143
INFO:__main__:Translation completed: "I like football."
INFO:__main__:Starting translation...
INFO:__main__:Extracting context...
INFO:__main__:Prompt tokens: 96, Completion tokens: 48, Cost: 0.0057599999999999995
INFO:__main__:Context extracted: This Greek text is a loving, casual conversation between family members. Specifically, it looks like a younger family member (possibly a grandchild) is speaking to their grandmother, asking how she's doing and the grandmother is cheerfully responding back.
INFO:__main__:Extracting key words...
INFO:__main__:Prompt tokens: 205, Completion tokens: 59, Cost: 0.009689999999999999
INFO:__main__:Key words extracted: Key words: "\u0393\u03b5\u03b9\u03b1 \u03c3\u03bf\u03c5 (Hello), \u03b3\u03b9\u03b1\u03b3\u03b9\u03ac (grandma), \u03a4\u03b9 \u03ba\u03ac\u03bd\u03b5\u03b9\u03c2 (How are you), \u039a\u03b1\u03bb\u03ce\u03c2 (Welcome), \u03c0\u03b1\u03bb\u03b9\u03ba\u03ac\u03c1\u03b9 (lad)"
INFO:__main__:Translating text...
INFO:__main__:Prompt tokens: 447, Completion tokens: 13, Cost: 0.014189999999999998
INFO:__main__:Translation completed: "Hello Grandma! How are you? Welcome, my lad!"
INFO:__main__:Starting translation...
INFO:__main__:Extracting context...
INFO:__main__:Prompt tokens: 96, Completion tokens: 50, Cost: 0.00588
INFO:__main__:Context extracted: The text is a dialogue in Greek. It translates to "Hello grandma! How are you? Welcome, my lad!". The context of this conversation seems to be a friendly and affectionate interaction between family members, specifically a grandchild and their grandmother.
INFO:__main__:Extracting key words...
INFO:__main__:Prompt tokens: 205, Completion tokens: 82, Cost: 0.01107
INFO:__main__:Key words extracted: The text seems to be a mix of Greek and English. The key words from the Greek part are: "\u0393\u03b5\u03b9\u03b1 \u03c3\u03bf\u03c5 (Hello), \u03b3\u03b9\u03b1\u03b3\u03b9\u03ac (grandma), \u03a4\u03b9 \u03ba\u03ac\u03bd\u03b5\u03b9\u03c2 (How are you), \u039a\u03b1\u03bb\u03ce\u03c2 \u03c4\u03bf (Welcome), \u03c0\u03b1\u03bb\u03b9\u03ba\u03ac\u03c1\u03b9 \u03bc\u03bf\u03c5 (my lad)."
INFO:__main__:Translating text...
INFO:__main__:Prompt tokens: 472, Completion tokens: 49, Cost: 0.017099999999999997
INFO:__main__:Translation completed: "\u0393\u03b5\u03b9\u03b1 \u03c3\u03bf\u03c5 \u03b3\u03b9\u03b1\u03b3\u03b9\u03ac! \u03a0\u03ce\u03c2 \u03b5\u03af\u03c3\u03b1\u03b9; \u039a\u03b1\u03bb\u03ce\u03c2 \u03c4\u03bf\u03bd, \u03c4\u03bf \u03c0\u03b1\u03bb\u03b9\u03ba\u03ac\u03c1\u03b9 \u03bc\u03bf\u03c5!"
INFO:__main__:Starting translation...
INFO:__main__:Extracting context...
INFO:__main__:Prompt tokens: 56, Completion tokens: 25, Cost: 0.0031799999999999997
INFO:__main__:Context extracted: The text is in English, not Greek. However, the main context is expressing a personal preference for the sport of soccer.
INFO:__main__:Extracting key words...
INFO:__main__:Prompt tokens: 165, Completion tokens: 24, Cost: 0.00639
INFO:__main__:Key words extracted: The text you provided is not in Greek. Could you provide a Greek text for me to extract the key words from?
INFO:__main__:Translating text...
INFO:__main__:Prompt tokens: 366, Completion tokens: 9, Cost: 0.011519999999999999
INFO:__main__:Translation completed: "Please enter text in Greek to translate."
INFO:__main__:Starting translation...
INFO:__main__:Extracting context...
INFO:__main__:Starting translation...
INFO:__main__:Extracting context...
INFO:__main__:Prompt tokens: 56, Completion tokens: 27, Cost: 0.0033
INFO:__main__:Context extracted: Sorry, this text is not written in Greek. However, it's a simple English phrase expressing fondness for the sport of soccer.
INFO:__main__:Extracting key words...
INFO:__main__:Prompt tokens: 56, Completion tokens: 58, Cost: 0.00516
INFO:__main__:Context extracted: As an AI model, I discern that the Greek text you provided is actually an English text, so kindly provide a Greek text for me to interpret. However, interpreting the given text, the main context revolves around the personal interest or fondness of the speaker for the sport known as soccer.
INFO:__main__:Extracting key words...
INFO:__main__:Prompt tokens: 165, Completion tokens: 53, Cost: 0.008129999999999998
INFO:__main__:Key words extracted: The text provided appears to be in English, not in Greek. However, the key word phrase in this English sentence is "like soccer," which translates to "\u03b1\u03c1\u03ad\u03c3\u03b5\u03b9 \u03b7 \u03c0\u03bf\u03b4\u03bf\u03c3\u03c6\u03b1\u03b9\u03c1\u03bf" in Greek.
INFO:__main__:Translating text...
INFO:__main__:Prompt tokens: 165, Completion tokens: 47, Cost: 0.007769999999999999
INFO:__main__:Key words extracted: The text you provided seems to be in English, not Greek. However, the possible translations of the keywords in Greek would be "like (\u03b1\u03c1\u03ad\u03c3\u03b5\u03b9), soccer (\u03c0\u03bf\u03b4\u03cc\u03c3\u03c6\u03b1\u03b9\u03c1\u03bf)".
INFO:__main__:Translating text...
INFO:__main__:Prompt tokens: 428, Completion tokens: 22, Cost: 0.014159999999999999
INFO:__main__:Translation completed: "\u039c\u03bf\u03c5 \u03b1\u03c1\u03ad\u03c3\u03b5\u03b9 \u03c4\u03bf \u03c0\u03bf\u03b4\u03cc\u03c3\u03c6\u03b1\u03b9\u03c1\u03bf."
INFO:__main__:Prompt tokens: 392, Completion tokens: 22, Cost: 0.01308
INFO:__main__:Translation completed: "\u039c\u03bf\u03c5 \u03b1\u03c1\u03ad\u03c3\u03b5\u03b9 \u03c4\u03bf \u03c0\u03bf\u03b4\u03cc\u03c3\u03c6\u03b1\u03b9\u03c1\u03bf."
INFO:__main__:Starting translation...
INFO:__main__:Extracting context...
INFO:__main__:Starting translation...
INFO:__main__:Extracting context...
INFO:__main__:Prompt tokens: 56, Completion tokens: 18, Cost: 0.0027599999999999994
INFO:__main__:Context extracted: The context of this text is the person's interest or enjoyment in the sport of soccer.
INFO:__main__:Extracting key words...
INFO:__main__:Prompt tokens: 56, Completion tokens: 20, Cost: 0.0028799999999999997
INFO:__main__:Context extracted: The context of this text is the speaker expressing their personal interest or affection for the sport of soccer.
INFO:__main__:Extracting key words...
INFO:__main__:Prompt tokens: 133, Completion tokens: 25, Cost: 0.005489999999999999
INFO:__main__:Key words extracted: Key words: "like (\u03b1\u03c1\u03ad\u03c3\u03b5\u03b9), soccer (\u03c0\u03bf\u03b4\u03cc\u03c3\u03c6\u03b1\u03b9\u03c1\u03bf)"
INFO:__main__:Translating text...
INFO:__main__:Prompt tokens: 133, Completion tokens: 25, Cost: 0.005489999999999999
INFO:__main__:Key words extracted: Key words: "like (\u03b1\u03c1\u03ad\u03c3\u03b5\u03b9), soccer (\u03c0\u03bf\u03b4\u03cc\u03c3\u03c6\u03b1\u03b9\u03c1\u03bf)"
INFO:__main__:Translating text...
INFO:__main__:Prompt tokens: 343, Completion tokens: 22, Cost: 0.011609999999999999
INFO:__main__:Translation completed: "\u039c\u03bf\u03c5 \u03b1\u03c1\u03ad\u03c3\u03b5\u03b9 \u03c4\u03bf \u03c0\u03bf\u03b4\u03cc\u03c3\u03c6\u03b1\u03b9\u03c1\u03bf."
INFO:__main__:Prompt tokens: 345, Completion tokens: 22, Cost: 0.01167
INFO:__main__:Translation completed: "\u039c\u03bf\u03c5 \u03b1\u03c1\u03ad\u03c3\u03b5\u03b9 \u03c4\u03bf \u03c0\u03bf\u03b4\u03cc\u03c3\u03c6\u03b1\u03b9\u03c1\u03bf."
INFO:__main__:Starting translation...
INFO:__main__:Starting translation...
INFO:__main__:Extracting context...
INFO:__main__:Extracting context...
INFO:__main__:Prompt tokens: 56, Completion tokens: 19, Cost: 0.0028199999999999996
INFO:__main__:Context extracted: The main topic of this text is the speaker's personal enjoyment of the sport known as soccer.
INFO:__main__:Extracting key words...
INFO:__main__:Prompt tokens: 56, Completion tokens: 19, Cost: 0.0028199999999999996
INFO:__main__:Context extracted: The main topic of this text is the person's fondness or interest for the sport soccer.
INFO:__main__:Extracting key words...
INFO:__main__:Prompt tokens: 133, Completion tokens: 22, Cost: 0.00531
INFO:__main__:Key words extracted: Key words: "like (\u03c3\u03b1\u03bd), soccer (\u03c0\u03bf\u03b4\u03cc\u03c3\u03c6\u03b1\u03b9\u03c1\u03bf)"
INFO:__main__:Translating text...
INFO:__main__:Prompt tokens: 133, Completion tokens: 25, Cost: 0.005489999999999999
INFO:__main__:Key words extracted: Key words: "like (\u03b1\u03c1\u03ad\u03c3\u03b5\u03b9), soccer (\u03c0\u03bf\u03b4\u03cc\u03c3\u03c6\u03b1\u03b9\u03c1\u03bf)"
INFO:__main__:Translating text...
INFO:__main__:Prompt tokens: 359, Completion tokens: 22, Cost: 0.012089999999999998
INFO:__main__:Translation completed: "\u039c\u03bf\u03c5 \u03b1\u03c1\u03ad\u03c3\u03b5\u03b9 \u03c4\u03bf \u03c0\u03bf\u03b4\u03cc\u03c3\u03c6\u03b1\u03b9\u03c1\u03bf."
INFO:__main__:Prompt tokens: 362, Completion tokens: 22, Cost: 0.01218
INFO:__main__:Translation completed: "\u039c\u03bf\u03c5 \u03b1\u03c1\u03ad\u03c3\u03b5\u03b9 \u03c4\u03bf \u03c0\u03bf\u03b4\u03cc\u03c3\u03c6\u03b1\u03b9\u03c1\u03bf."
INFO:__main__:Starting translation...
INFO:__main__:Extracting context...
INFO:__main__:Starting translation...
INFO:__main__:Extracting context...
INFO:__main__:Prompt tokens: 56, Completion tokens: 18, Cost: 0.0027599999999999994
INFO:__main__:Context extracted: The main topic of this text is the speaker's personal preference for the sport, soccer.
INFO:__main__:Extracting key words...
INFO:__main__:Prompt tokens: 56, Completion tokens: 23, Cost: 0.00306
INFO:__main__:Context extracted: The context of this text is the speaker's personal affinity or preference for soccer, which is a popular team sport.
INFO:__main__:Extracting key words...
INFO:__main__:Prompt tokens: 133, Completion tokens: 25, Cost: 0.005489999999999999
INFO:__main__:Key words extracted: key words: "like (\u03b1\u03c1\u03ad\u03c3\u03b5\u03b9), soccer (\u03c0\u03bf\u03b4\u03cc\u03c3\u03c6\u03b1\u03b9\u03c1\u03bf)"
INFO:__main__:Translating text...
INFO:__main__:Prompt tokens: 133, Completion tokens: 27, Cost: 0.0056099999999999995
INFO:__main__:Key words extracted: Key words: "like (\u03b1\u03c1\u03ad\u03c3\u03b5\u03b9)", "soccer (\u03c0\u03bf\u03b4\u03cc\u03c3\u03c6\u03b1\u03b9\u03c1\u03bf)"
INFO:__main__:Translating text...
INFO:__main__:Prompt tokens: 368, Completion tokens: 22, Cost: 0.01236
INFO:__main__:Translation completed: "\u039c\u03bf\u03c5 \u03b1\u03c1\u03ad\u03c3\u03b5\u03b9 \u03c4\u03bf \u03c0\u03bf\u03b4\u03cc\u03c3\u03c6\u03b1\u03b9\u03c1\u03bf."
INFO:__main__:Prompt tokens: 361, Completion tokens: 22, Cost: 0.01215
INFO:__main__:Translation completed: "\u039c\u03bf\u03c5 \u03b1\u03c1\u03ad\u03c3\u03b5\u03b9 \u03c4\u03bf \u03c0\u03bf\u03b4\u03cc\u03c3\u03c6\u03b1\u03b9\u03c1\u03bf."
INFO:__main__:Starting translation...
INFO:__main__:Extracting context...
INFO:__main__:Starting translation...
INFO:__main__:Extracting context...
INFO:__main__:Prompt tokens: 54, Completion tokens: 66, Cost: 0.00558
INFO:__main__:Context extracted: The text provided is insufficient to identify a specific context. The word "cum" is Latin for "with" and used in English in phrases like "summa cum laude" (with highest honor). It could also be a keyboard typo for "come". However, without further information, a definitive context can't be provided.
INFO:__main__:Extracting key words...
INFO:__main__:Prompt tokens: 131, Completion tokens: 13, Cost: 0.004709999999999999
INFO:__main__:Key words extracted: Key words: "cum", "possible translations", "Greek"
INFO:__main__:Translating text...
INFO:__main__:Prompt tokens: 54, Completion tokens: 73, Cost: 0.005999999999999999
INFO:__main__:Context extracted: The text provided, "cum", doesn't provide enough information to determine a specific context or main topic. However, it is a Latin word often used in English to mean "combined with" or "along with." It could be part of a variety of topics, depending on how it's used in a sentence. Please provide additional details for a more accurate analysis.
INFO:__main__:Extracting key words...
INFO:__main__:Prompt tokens: 394, Completion tokens: 9, Cost: 0.01236
INFO:__main__:Translation completed: "Please enter text in English to translate"
INFO:__main__:Prompt tokens: 131, Completion tokens: 40, Cost: 0.006329999999999999
INFO:__main__:Key words extracted: It appears there's a mistake as the provided text just includes "cum" and "possible translations in Greek", which aren't providing any substantial information. Please provide a complete sentence for accurate keyword extraction.
INFO:__main__:Translating text...
INFO:__main__:Prompt tokens: 428, Completion tokens: 10, Cost: 0.013439999999999999
INFO:__main__:Translation completed: "Please provide a complete sentence for accurate translation."
INFO:__main__:Starting translation...
INFO:__main__:Extracting context...
INFO:__main__:Starting translation...
INFO:__main__:Extracting context...
INFO:__main__:Prompt tokens: 58, Completion tokens: 21, Cost: 0.0029999999999999996
INFO:__main__:Context extracted: The context of this text is a person conveying the fact that they are currently communicating in the English language.
INFO:__main__:Extracting key words...
INFO:__main__:Prompt tokens: 58, Completion tokens: 22, Cost: 0.00306
INFO:__main__:Context extracted: The context of the text is about the speaker communicating or expressing themselves in the English language at the present moment.
INFO:__main__:Extracting key words...
INFO:__main__:Prompt tokens: 135, Completion tokens: 43, Cost: 0.00663
INFO:__main__:Key words extracted: Key words: "speaking (\u03bc\u03b9\u03bb\u03ce\u03bd\u03c4\u03b1\u03c2), English (\u03b1\u03b3\u03b3\u03bb\u03b9\u03ba\u03ac), right now (\u03b1\u03c5\u03c4\u03ae \u03c4\u03b7 \u03c3\u03c4\u03b9\u03b3\u03bc\u03ae)"
INFO:__main__:Translating text...
INFO:__main__:Prompt tokens: 135, Completion tokens: 37, Cost: 0.0062699999999999995
INFO:__main__:Key words extracted: Key words: "speaking (\u03bc\u03b9\u03bb\u03ce\u03bd\u03c4\u03b1\u03c2), English (\u0391\u03b3\u03b3\u03bb\u03b9\u03ba\u03ac), right now (\u03c4\u03ce\u03c1\u03b1)"
INFO:__main__:Translating text...
INFO:__main__:Starting translation...
INFO:__main__:Extracting context...
INFO:__main__:Prompt tokens: 384, Completion tokens: 27, Cost: 0.013139999999999999
INFO:__main__:Translation completed: "\u039c\u03b9\u03bb\u03ce \u03b1\u03b3\u03b3\u03bb\u03b9\u03ba\u03ac \u03b1\u03c5\u03c4\u03ae \u03c4\u03b7 \u03c3\u03c4\u03b9\u03b3\u03bc\u03ae."
INFO:__main__:Starting translation...
INFO:__main__:Extracting context...
INFO:__main__:Prompt tokens: 379, Completion tokens: 28, Cost: 0.013049999999999997
INFO:__main__:Translation completed: "\u039c\u03b9\u03bb\u03ac\u03c9 \u0391\u03b3\u03b3\u03bb\u03b9\u03ba\u03ac \u03b1\u03c5\u03c4\u03ae \u03c4\u03b7 \u03c3\u03c4\u03b9\u03b3\u03bc\u03ae."
INFO:__main__:Prompt tokens: 93, Completion tokens: 18, Cost: 0.0038699999999999997
INFO:__main__:Context extracted: This text is in Greek and it talks about a beautiful, sunny day at the beach.
INFO:__main__:Extracting key words...
INFO:__main__:Prompt tokens: 93, Completion tokens: 40, Cost: 0.00519
INFO:__main__:Context extracted: The text is in Greek, and it describes a beautiful, sunny day at the beach. So, the main topic or context of this text is a description of a pleasant weather condition at the beach.
INFO:__main__:Extracting key words...
INFO:__main__:Prompt tokens: 202, Completion tokens: 60, Cost: 0.009659999999999998
INFO:__main__:Key words extracted: Key words: "\u0395\u03af\u03bd\u03b1\u03b9 (is), \u03bc\u03b9\u03b1 (a), \u03cc\u03bc\u03bf\u03c1\u03c6\u03b7 (beautiful), \u03b7\u03bb\u03b9\u03cc\u03bb\u03bf\u03c5\u03c3\u03c4\u03b7 (sunny), \u03bc\u03ad\u03c1\u03b1 (day), \u03c0\u03b1\u03c1\u03b1\u03bb\u03af\u03b1 (beach)"
INFO:__main__:Translating text...
INFO:__main__:Prompt tokens: 435, Completion tokens: 10, Cost: 0.013649999999999999
INFO:__main__:Translation completed: "It's a beautiful sunny day at the beach."
INFO:__main__:Prompt tokens: 202, Completion tokens: 60, Cost: 0.009659999999999998
INFO:__main__:Key words extracted: Key words: "\u0395\u03af\u03bd\u03b1\u03b9 (is), \u03bc\u03b9\u03b1 (a), \u03cc\u03bc\u03bf\u03c1\u03c6\u03b7 (beautiful), \u03b7\u03bb\u03b9\u03cc\u03bb\u03bf\u03c5\u03c3\u03c4\u03b7 (sunny), \u03bc\u03ad\u03c1\u03b1 (day), \u03c0\u03b1\u03c1\u03b1\u03bb\u03af\u03b1 (beach)"
INFO:__main__:Translating text...
INFO:__main__:Prompt tokens: 457, Completion tokens: 10, Cost: 0.014309999999999998
INFO:__main__:Translation completed: "It's a beautiful sunny day at the beach."
INFO:__main__:Starting translation...
INFO:__main__:Extracting context...
INFO:__main__:Starting translation...
INFO:__main__:Extracting context...
INFO:__main__:Prompt tokens: 55, Completion tokens: 42, Cost: 0.004169999999999999
INFO:__main__:Context extracted: The text provided is a singular word "poo", which is generally used as a casual or childish term for feces. However, without further context, it's impossible to identify a specific or detailed topic.
INFO:__main__:Extracting key words...
INFO:__main__:Prompt tokens: 55, Completion tokens: 65, Cost: 0.005549999999999999
INFO:__main__:Context extracted: The context of the text "poo" is not specifically clear due to the lack of surrounding information. However, it could potentially refer to excrement or waste product, often used in a more informal register, especially in the context of animals or young children. More information may be needed to accurately determine a more specific context.
INFO:__main__:Extracting key words...
INFO:__main__:Prompt tokens: 164, Completion tokens: 16, Cost: 0.00588
INFO:__main__:Key words extracted: It seems there's no Greek text provided. Please provide text in Greek language.
INFO:__main__:Translating text...
INFO:__main__:Prompt tokens: 376, Completion tokens: 9, Cost: 0.011819999999999999
INFO:__main__:Translation completed: "Please enter text in Greek to translate."
INFO:__main__:Prompt tokens: 164, Completion tokens: 27, Cost: 0.00654
INFO:__main__:Key words extracted: Sorry, but you didn't provide a Greek text. Please provide a valid Greek text for me to extract the key phrases or words.
INFO:__main__:Translating text...
INFO:__main__:Prompt tokens: 410, Completion tokens: 9, Cost: 0.012839999999999999
INFO:__main__:Translation completed: "Please enter text in Greek to translate."
